HiFleet/build/outputs/logs/manifest-merger-debug-report.txt
-- Merging decision tree log ---
manifest
ADDED from HiFleet\AndroidManifest.xml:2:1-428:12
	package
		ADDED from HiFleet\AndroidManifest.xml:4:5-31
	android:versionName
		ADDED from HiFleet\AndroidManifest.xml:7:5-32
		INJECTED from HiFleet\AndroidManifest.xml
		INJECTED from HiFleet\AndroidManifest.xml
	xmlns:tools
		ADDED from HiFleet\AndroidManifest.xml:3:5-51
	android:versionCode
		ADDED from HiFleet\AndroidManifest.xml:6:5-28
		INJECTED from HiFleet\AndroidManifest.xml
		INJECTED from HiFleet\AndroidManifest.xml
	xmlns:android
		ADDED from HiFleet\AndroidManifest.xml:2:11-69
	android:installLocation
		ADDED from HiFleet\AndroidManifest.xml:5:5-35
uses-sdk
ADDED from HiFleet\AndroidManifest.xml:9:5-11:41
MERGED from [studioHifleet:library_common:unspecified] AndroidManifest.xml:7:5-9:41
MERGED from [com.android.support:multidex:1.0.1] AndroidManifest.xml:18:5-42
MERGED from [studioHifleet:SherlockBar:unspecified] AndroidManifest.xml:7:5-9:41
	android:targetSdkVersion
		ADDED from HiFleet\AndroidManifest.xml:11:9-38
		INJECTED from HiFleet\AndroidManifest.xml
		INJECTED from HiFleet\AndroidManifest.xml
	android:minSdkVersion
		ADDED from HiFleet\AndroidManifest.xml:10:9-35
		INJECTED from HiFleet\AndroidManifest.xml
		INJECTED from HiFleet\AndroidManifest.xml
uses-feature#android.hardware.wifi
ADDED from HiFleet\AndroidManifest.xml:13:5-15:36
	android:required
		ADDED from HiFleet\AndroidManifest.xml:15:9-33
	android:name
		ADDED from HiFleet\AndroidManifest.xml:14:9-45
uses-feature#android.hardware.sensor.light
ADDED from HiFleet\AndroidManifest.xml:16:5-18:36
	android:required
		ADDED from HiFleet\AndroidManifest.xml:18:9-33
	android:name
		ADDED from HiFleet\AndroidManifest.xml:17:9-53
uses-feature#android.hardware.sensor.compass
ADDED from HiFleet\AndroidManifest.xml:19:5-21:36
	android:required
		ADDED from HiFleet\AndroidManifest.xml:21:9-33
	android:name
		ADDED from HiFleet\AndroidManifest.xml:20:9-55
uses-feature#android.hardware.sensor.accelerometer
ADDED from HiFleet\AndroidManifest.xml:22:5-24:36
	android:required
		ADDED from HiFleet\AndroidManifest.xml:24:9-33
	android:name
		ADDED from HiFleet\AndroidManifest.xml:23:9-61
uses-feature#android.hardware.sensor.gyroscope
ADDED from HiFleet\AndroidManifest.xml:25:5-27:36
	android:required
		ADDED from HiFleet\AndroidManifest.xml:27:9-33
	android:name
		ADDED from HiFleet\AndroidManifest.xml:26:9-57
uses-feature#android.hardware.touchscreen
ADDED from HiFleet\AndroidManifest.xml:28:5-30:36
	android:required
		ADDED from HiFleet\AndroidManifest.xml:30:9-33
	android:name
		ADDED from HiFleet\AndroidManifest.xml:29:9-52
permission#com.hifleet.plus.permission.JPUSH_MESSAGE
ADDED from HiFleet\AndroidManifest.xml:32:5-34:47
	android:protectionLevel
		ADDED from HiFleet\AndroidManifest.xml:34:9-44
	android:name
		ADDED from HiFleet\AndroidManifest.xml:33:9-65
uses-permission#com.hifleet.plus.permission.JPUSH_MESSAGE
ADDED from HiFleet\AndroidManifest.xml:36:5-81
	android:name
		ADDED from HiFleet\AndroidManifest.xml:36:22-78
uses-permission#android.permission.RECEIVE_USER_PRESENT
ADDED from HiFleet\AndroidManifest.xml:37:5-79
	android:name
		ADDED from HiFleet\AndroidManifest.xml:37:22-76
uses-permission#android.permission.READ_EXTERNAL_STORAGE
ADDED from HiFleet\AndroidManifest.xml:38:5-80
	android:name
		ADDED from HiFleet\AndroidManifest.xml:38:22-77
uses-permission#android.permission.WRITE_SETTINGS
ADDED from HiFleet\AndroidManifest.xml:39:5-73
	android:name
		ADDED from HiFleet\AndroidManifest.xml:39:22-70
uses-permission#android.permission.VIBRATE
ADDED from HiFleet\AndroidManifest.xml:40:5-66
	android:name
		ADDED from HiFleet\AndroidManifest.xml:40:22-63
uses-permission#android.permission.ACCESS_COARSE_LOCATION
ADDED from HiFleet\AndroidManifest.xml:41:5-97
	android:name
		ADDED from HiFleet\AndroidManifest.xml:41:22-78
uses-permission#android.permission.CAMERA
ADDED from HiFleet\AndroidManifest.xml:42:5-81
	android:name
		ADDED from HiFleet\AndroidManifest.xml:42:22-62
uses-permission#android.permission.ACCESS_FINE_LOCATION
ADDED from HiFleet\AndroidManifest.xml:43:5-95
	android:name
		ADDED from HiFleet\AndroidManifest.xml:43:22-76
uses-permission#android.permission.READ_PHONE_STATE
ADDED from HiFleet\AndroidManifest.xml:44:5-91
	android:name
		ADDED from HiFleet\AndroidManifest.xml:44:22-72
uses-permission#android.permission.INTERNET
ADDED from HiFleet\AndroidManifest.xml:45:5-83
	android:name
		ADDED from HiFleet\AndroidManifest.xml:45:22-64
uses-permission#android.permission.WRITE_EXTERNAL_STORAGE
ADDED from HiFleet\AndroidManifest.xml:46:5-97
	android:name
		ADDED from HiFleet\AndroidManifest.xml:46:22-78
uses-permission#android.permission.WRITE_MEDIA_STORAGE
ADDED from HiFleet\AndroidManifest.xml:47:5-49:63
	tools:ignore
		ADDED from HiFleet\AndroidManifest.xml:49:9-44
	android:name
		ADDED from HiFleet\AndroidManifest.xml:48:9-62
uses-permission#android.permission.STORAGE
ADDED from HiFleet\AndroidManifest.xml:50:5-66
	android:name
		ADDED from HiFleet\AndroidManifest.xml:50:22-63
uses-permission#android.permission.ACCESS_NETWORK_STATE
ADDED from HiFleet\AndroidManifest.xml:51:5-95
	android:name
		ADDED from HiFleet\AndroidManifest.xml:51:22-76
uses-permission#android.permission.WAKE_LOCK
ADDED from HiFleet\AndroidManifest.xml:52:5-84
	android:name
		ADDED from HiFleet\AndroidManifest.xml:52:22-65
uses-permission#android.permission.INSTALL_PACKAGES
ADDED from HiFleet\AndroidManifest.xml:53:5-55:63
	tools:ignore
		ADDED from HiFleet\AndroidManifest.xml:55:9-44
	android:name
		ADDED from HiFleet\AndroidManifest.xml:54:9-59
uses-permission#android.permission.RESTART_PACKAGES
ADDED from HiFleet\AndroidManifest.xml:56:5-91
	android:name
		ADDED from HiFleet\AndroidManifest.xml:56:22-72
uses-permission#android.permission.MOUNT_UNMOUNT_FILESYSTEMS
ADDED from HiFleet\AndroidManifest.xml:57:5-84
	android:name
		ADDED from HiFleet\AndroidManifest.xml:57:22-81
uses-permission#android.permission.ACCESS_WIFI_STATE
ADDED from HiFleet\AndroidManifest.xml:58:5-76
	android:name
		ADDED from HiFleet\AndroidManifest.xml:58:22-73
uses-permission#android.permission.CHANGE_WIFI_STATE
ADDED from HiFleet\AndroidManifest.xml:59:5-76
	android:name
		ADDED from HiFleet\AndroidManifest.xml:59:22-73
uses-permission#android.permission.SYSTEM_ALERT_WINDOW
ADDED from HiFleet\AndroidManifest.xml:61:5-78
	android:name
		ADDED from HiFleet\AndroidManifest.xml:61:22-75
supports-screens
ADDED from HiFleet\AndroidManifest.xml:63:5-69:40
	android:largeScreens
		ADDED from HiFleet\AndroidManifest.xml:65:9-36
	android:smallScreens
		ADDED from HiFleet\AndroidManifest.xml:68:9-36
	android:normalScreens
		ADDED from HiFleet\AndroidManifest.xml:66:9-37
	android:xlargeScreens
		ADDED from HiFleet\AndroidManifest.xml:69:9-37
	android:resizeable
		ADDED from HiFleet\AndroidManifest.xml:67:9-34
	android:anyDensity
		ADDED from HiFleet\AndroidManifest.xml:64:9-34
application
ADDED from HiFleet\AndroidManifest.xml:71:5-426:19
	android:label
		ADDED from HiFleet\AndroidManifest.xml:77:9-41
	android:debuggable
		ADDED from HiFleet\AndroidManifest.xml:75:9-34
	tools:ignore
		ADDED from HiFleet\AndroidManifest.xml:81:9-42
	android:configChanges
		ADDED from HiFleet\AndroidManifest.xml:74:9-39
	android:allowBackup
		ADDED from HiFleet\AndroidManifest.xml:73:9-35
	android:icon
		ADDED from HiFleet\AndroidManifest.xml:76:9-45
	android:largeHeap
		ADDED from HiFleet\AndroidManifest.xml:78:9-33
	android:restoreAnyVersion
		ADDED from HiFleet\AndroidManifest.xml:79:9-41
	android:theme
		ADDED from HiFleet\AndroidManifest.xml:80:9-40
	tools:replace
		ADDED from HiFleet\AndroidManifest.xml:82:9-52
	android:name
		ADDED from HiFleet\AndroidManifest.xml:72:9-57
meta-data#BaiduMobAd_STAT_ID
ADDED from HiFleet\AndroidManifest.xml:85:9-87:42
	android:value
		ADDED from HiFleet\AndroidManifest.xml:87:13-39
	android:name
		ADDED from HiFleet\AndroidManifest.xml:86:13-46
meta-data#BaiduMobAd_CHANNEL
ADDED from HiFleet\AndroidManifest.xml:89:9-91:44
	android:value
		ADDED from HiFleet\AndroidManifest.xml:91:13-41
	android:name
		ADDED from HiFleet\AndroidManifest.xml:90:13-46
meta-data#BaiduMobAd_EXCEPTION_LOG
ADDED from HiFleet\AndroidManifest.xml:94:9-96:36
	android:value
		ADDED from HiFleet\AndroidManifest.xml:96:13-33
	android:name
		ADDED from HiFleet\AndroidManifest.xml:95:13-52
meta-data#BaiduMobAd_SEND_STRATEGY
ADDED from HiFleet\AndroidManifest.xml:98:9-100:41
	android:value
		ADDED from HiFleet\AndroidManifest.xml:100:13-38
	android:name
		ADDED from HiFleet\AndroidManifest.xml:99:13-52
meta-data#BaiduMobAd_ONLY_WIFI
ADDED from HiFleet\AndroidManifest.xml:104:9-106:37
	android:value
		ADDED from HiFleet\AndroidManifest.xml:106:13-34
	android:name
		ADDED from HiFleet\AndroidManifest.xml:105:13-48
meta-data#com.sec.android.support.multiwindow
ADDED from HiFleet\AndroidManifest.xml:107:9-109:36
	android:value
		ADDED from HiFleet\AndroidManifest.xml:109:13-33
	android:name
		ADDED from HiFleet\AndroidManifest.xml:108:13-63
meta-data#com.sec.android.multiwindow.DEFAULT_SIZE_W
ADDED from HiFleet\AndroidManifest.xml:110:9-113:32
	android:resource
		ADDED from HiFleet\AndroidManifest.xml:112:13-56
	android:value
		ADDED from HiFleet\AndroidManifest.xml:113:13-29
	android:name
		ADDED from HiFleet\AndroidManifest.xml:111:13-70
meta-data#com.sec.android.multiwindow.DEFAULT_SIZE_H
ADDED from HiFleet\AndroidManifest.xml:114:9-117:32
	android:resource
		ADDED from HiFleet\AndroidManifest.xml:116:13-56
	android:value
		ADDED from HiFleet\AndroidManifest.xml:117:13-29
	android:name
		ADDED from HiFleet\AndroidManifest.xml:115:13-70
meta-data#com.sec.android.multiwindow.MINIMUM_SIZE_W
ADDED from HiFleet\AndroidManifest.xml:118:9-121:32
	android:resource
		ADDED from HiFleet\AndroidManifest.xml:120:13-56
	android:value
		ADDED from HiFleet\AndroidManifest.xml:121:13-29
	android:name
		ADDED from HiFleet\AndroidManifest.xml:119:13-70
meta-data#com.sec.android.multiwindow.MINIMUM_SIZE_H
ADDED from HiFleet\AndroidManifest.xml:122:9-125:32
	android:resource
		ADDED from HiFleet\AndroidManifest.xml:124:13-56
	android:value
		ADDED from HiFleet\AndroidManifest.xml:125:13-29
	android:name
		ADDED from HiFleet\AndroidManifest.xml:123:13-70
meta-data#com.sec.minimode.icon.portrait.normal
ADDED from HiFleet\AndroidManifest.xml:126:9-129:32
	android:resource
		ADDED from HiFleet\AndroidManifest.xml:128:13-47
	android:value
		ADDED from HiFleet\AndroidManifest.xml:129:13-29
	android:name
		ADDED from HiFleet\AndroidManifest.xml:127:13-65
meta-data#com.sec.minimode.icon.landscape.normal
ADDED from HiFleet\AndroidManifest.xml:130:9-133:32
	android:resource
		ADDED from HiFleet\AndroidManifest.xml:132:13-47
	android:value
		ADDED from HiFleet\AndroidManifest.xml:133:13-29
	android:name
		ADDED from HiFleet\AndroidManifest.xml:131:13-66
meta-data#JPUSH_CHANNEL
ADDED from HiFleet\AndroidManifest.xml:136:9-138:49
	android:value
		ADDED from HiFleet\AndroidManifest.xml:138:13-46
	android:name
		ADDED from HiFleet\AndroidManifest.xml:137:13-41
meta-data#JPUSH_APPKEY
ADDED from HiFleet\AndroidManifest.xml:139:9-141:56
	android:value
		ADDED from HiFleet\AndroidManifest.xml:141:13-53
	android:name
		ADDED from HiFleet\AndroidManifest.xml:140:13-40
service#cn.jpush.android.service.PushService
ADDED from HiFleet\AndroidManifest.xml:143:9-153:19
	android:enabled
		ADDED from HiFleet\AndroidManifest.xml:145:13-35
	android:exported
		ADDED from HiFleet\AndroidManifest.xml:146:13-37
	android:name
		ADDED from HiFleet\AndroidManifest.xml:144:13-64
intent-filter#cn.jpush.android.intent.PUSH_TIME+cn.jpush.android.intent.PushService+cn.jpush.android.intent.REGISTER+cn.jpush.android.intent.REPORT
ADDED from HiFleet\AndroidManifest.xml:147:13-152:29
action#cn.jpush.android.intent.REGISTER
ADDED from HiFleet\AndroidManifest.xml:148:17-75
	android:name
		ADDED from HiFleet\AndroidManifest.xml:148:25-72
action#cn.jpush.android.intent.REPORT
ADDED from HiFleet\AndroidManifest.xml:149:17-73
	android:name
		ADDED from HiFleet\AndroidManifest.xml:149:25-70
action#cn.jpush.android.intent.PushService
ADDED from HiFleet\AndroidManifest.xml:150:17-78
	android:name
		ADDED from HiFleet\AndroidManifest.xml:150:25-75
action#cn.jpush.android.intent.PUSH_TIME
ADDED from HiFleet\AndroidManifest.xml:151:17-76
	android:name
		ADDED from HiFleet\AndroidManifest.xml:151:25-73
receiver#cn.jpush.android.service.PushReceiver
ADDED from HiFleet\AndroidManifest.xml:155:9-174:20
	android:enabled
		ADDED from HiFleet\AndroidManifest.xml:157:13-35
	android:name
		ADDED from HiFleet\AndroidManifest.xml:156:13-65
intent-filter#cn.jpush.android.intent.NOTIFICATION_RECEIVED_PROXY+com.hifleet.plus
ADDED from HiFleet\AndroidManifest.xml:158:13-162:29
	android:priority
		ADDED from HiFleet\AndroidManifest.xml:158:28-51
action#cn.jpush.android.intent.NOTIFICATION_RECEIVED_PROXY
ADDED from HiFleet\AndroidManifest.xml:159:17-94
	android:name
		ADDED from HiFleet\AndroidManifest.xml:159:25-91
category#com.hifleet.plus
ADDED from HiFleet\AndroidManifest.xml:161:17-61
	android:name
		ADDED from HiFleet\AndroidManifest.xml:161:27-58
intent-filter#android.intent.action.USER_PRESENT+android.net.conn.CONNECTIVITY_CHANGE
ADDED from HiFleet\AndroidManifest.xml:163:13-166:29
action#android.intent.action.USER_PRESENT
ADDED from HiFleet\AndroidManifest.xml:164:17-77
	android:name
		ADDED from HiFleet\AndroidManifest.xml:164:25-74
action#android.net.conn.CONNECTIVITY_CHANGE
ADDED from HiFleet\AndroidManifest.xml:165:17-79
	android:name
		ADDED from HiFleet\AndroidManifest.xml:165:25-76
intent-filter#android.intent.action.PACKAGE_ADDED+android.intent.action.PACKAGE_REMOVED
ADDED from HiFleet\AndroidManifest.xml:168:13-173:29
action#android.intent.action.PACKAGE_ADDED
ADDED from HiFleet\AndroidManifest.xml:169:17-78
	android:name
		ADDED from HiFleet\AndroidManifest.xml:169:25-75
action#android.intent.action.PACKAGE_REMOVED
ADDED from HiFleet\AndroidManifest.xml:170:17-80
	android:name
		ADDED from HiFleet\AndroidManifest.xml:170:25-77
data
ADDED from HiFleet\AndroidManifest.xml:172:17-50
	android:scheme
		ADDED from HiFleet\AndroidManifest.xml:172:23-47
activity#cn.jpush.android.ui.PushActivity
ADDED from HiFleet\AndroidManifest.xml:176:9-187:20
	android:exported
		ADDED from HiFleet\AndroidManifest.xml:179:13-37
	android:configChanges
		ADDED from HiFleet\AndroidManifest.xml:178:13-63
	android:theme
		ADDED from HiFleet\AndroidManifest.xml:180:13-60
	android:name
		ADDED from HiFleet\AndroidManifest.xml:177:13-60
intent-filter#android.intent.category.DEFAULT+cn.jpush.android.ui.PushActivity+com.hifleet.plus
ADDED from HiFleet\AndroidManifest.xml:181:13-186:29
action#cn.jpush.android.ui.PushActivity
ADDED from HiFleet\AndroidManifest.xml:182:17-75
	android:name
		ADDED from HiFleet\AndroidManifest.xml:182:25-72
category#android.intent.category.DEFAULT
ADDED from HiFleet\AndroidManifest.xml:184:17-76
	android:name
		ADDED from HiFleet\AndroidManifest.xml:184:27-73
service#cn.jpush.android.service.DownloadService
ADDED from HiFleet\AndroidManifest.xml:190:9-193:48
	android:enabled
		ADDED from HiFleet\AndroidManifest.xml:192:13-35
	android:exported
		ADDED from HiFleet\AndroidManifest.xml:193:13-37
	android:name
		ADDED from HiFleet\AndroidManifest.xml:191:13-68
receiver#cn.jpush.android.service.AlarmReceiver
ADDED from HiFleet\AndroidManifest.xml:195:9-75
	android:name
		ADDED from HiFleet\AndroidManifest.xml:195:19-72
receiver#com.hifleet.receiver.myJpushreceiver
ADDED from HiFleet\AndroidManifest.xml:197:9-215:20
	android:enabled
		ADDED from HiFleet\AndroidManifest.xml:199:13-35
	android:name
		ADDED from HiFleet\AndroidManifest.xml:198:13-64
intent-filter#cn.jpush.android.intent.CONNECTION+cn.jpush.android.intent.MESSAGE_RECEIVED+cn.jpush.android.intent.NOTIFICATION_OPENED+cn.jpush.android.intent.NOTIFICATION_RECEIVED+cn.jpush.android.intent.REGISTRATION+com.hifleet.plus
ADDED from HiFleet\AndroidManifest.xml:200:13-214:29
action#cn.jpush.android.intent.REGISTRATION
ADDED from HiFleet\AndroidManifest.xml:203:17-79
	android:name
		ADDED from HiFleet\AndroidManifest.xml:203:25-76
action#cn.jpush.android.intent.MESSAGE_RECEIVED
ADDED from HiFleet\AndroidManifest.xml:205:17-83
	android:name
		ADDED from HiFleet\AndroidManifest.xml:205:25-80
action#cn.jpush.android.intent.NOTIFICATION_RECEIVED
ADDED from HiFleet\AndroidManifest.xml:207:17-88
	android:name
		ADDED from HiFleet\AndroidManifest.xml:207:25-85
action#cn.jpush.android.intent.NOTIFICATION_OPENED
ADDED from HiFleet\AndroidManifest.xml:209:17-86
	android:name
		ADDED from HiFleet\AndroidManifest.xml:209:25-83
action#cn.jpush.android.intent.CONNECTION
ADDED from HiFleet\AndroidManifest.xml:211:17-77
	android:name
		ADDED from HiFleet\AndroidManifest.xml:211:25-74
activity#com.hifleet.activity.MainwebActivity
ADDED from HiFleet\AndroidManifest.xml:217:9-228:20
	android:screenOrientation
		ADDED from HiFleet\AndroidManifest.xml:220:13-49
	android:label
		ADDED from HiFleet\AndroidManifest.xml:219:13-45
	android:theme
		ADDED from HiFleet\AndroidManifest.xml:221:13-50
	android:name
		ADDED from HiFleet\AndroidManifest.xml:218:13-64
intent-filter#android.intent.action.MAIN+android.intent.category.LAUNCHER+android.intent.category.MULTIWINDOW_LAUNCHER
ADDED from HiFleet\AndroidManifest.xml:222:13-227:29
action#android.intent.action.MAIN
ADDED from HiFleet\AndroidManifest.xml:223:17-69
	android:name
		ADDED from HiFleet\AndroidManifest.xml:223:25-66
category#android.intent.category.LAUNCHER
ADDED from HiFleet\AndroidManifest.xml:225:17-77
	android:name
		ADDED from HiFleet\AndroidManifest.xml:225:27-74
category#android.intent.category.MULTIWINDOW_LAUNCHER
ADDED from HiFleet\AndroidManifest.xml:226:17-89
	android:name
		ADDED from HiFleet\AndroidManifest.xml:226:27-86
activity#com.hifleet.map.MapActivity
ADDED from HiFleet\AndroidManifest.xml:229:9-240:20
	android:screenOrientation
		ADDED from HiFleet\AndroidManifest.xml:233:13-49
	android:launchMode
		ADDED from HiFleet\AndroidManifest.xml:232:13-44
	android:alwaysRetainTaskState
		ADDED from HiFleet\AndroidManifest.xml:231:13-49
	android:theme
		ADDED from HiFleet\AndroidManifest.xml:234:13-72
	android:name
		ADDED from HiFleet\AndroidManifest.xml:230:13-55
intent-filter#jpush.testAction+jpush.testCategory
ADDED from HiFleet\AndroidManifest.xml:235:13-239:29
action#jpush.testAction
ADDED from HiFleet\AndroidManifest.xml:236:17-59
	android:name
		ADDED from HiFleet\AndroidManifest.xml:236:25-56
category#jpush.testCategory
ADDED from HiFleet\AndroidManifest.xml:238:17-63
	android:name
		ADDED from HiFleet\AndroidManifest.xml:238:27-60
activity#com.hifleet.map.MapActivity1
ADDED from HiFleet\AndroidManifest.xml:241:9-245:84
	android:screenOrientation
		ADDED from HiFleet\AndroidManifest.xml:244:13-49
	android:launchMode
		ADDED from HiFleet\AndroidManifest.xml:243:13-44
	android:theme
		ADDED from HiFleet\AndroidManifest.xml:245:13-72
	android:name
		ADDED from HiFleet\AndroidManifest.xml:242:13-56
activity#com.hifleet.activity.SearchActivity
ADDED from HiFleet\AndroidManifest.xml:246:9-250:84
	android:screenOrientation
		ADDED from HiFleet\AndroidManifest.xml:249:13-49
	android:launchMode
		ADDED from HiFleet\AndroidManifest.xml:248:13-44
	android:theme
		ADDED from HiFleet\AndroidManifest.xml:250:13-72
	android:name
		ADDED from HiFleet\AndroidManifest.xml:247:13-63
activity#com.hifleet.activity.DownloadIndexActivity
ADDED from HiFleet\AndroidManifest.xml:251:9-255:84
	android:screenOrientation
		ADDED from HiFleet\AndroidManifest.xml:254:13-49
	android:launchMode
		ADDED from HiFleet\AndroidManifest.xml:253:13-44
	android:theme
		ADDED from HiFleet\AndroidManifest.xml:255:13-72
	android:name
		ADDED from HiFleet\AndroidManifest.xml:252:13-70
activity#com.hifleet.activity.GetInportShipsActivity
ADDED from HiFleet\AndroidManifest.xml:256:9-260:84
	android:screenOrientation
		ADDED from HiFleet\AndroidManifest.xml:259:13-49
	android:launchMode
		ADDED from HiFleet\AndroidManifest.xml:258:13-44
	android:theme
		ADDED from HiFleet\AndroidManifest.xml:260:13-72
	android:name
		ADDED from HiFleet\AndroidManifest.xml:257:13-71
activity#com.hifleet.activity.GetArriveShipsActivity
ADDED from HiFleet\AndroidManifest.xml:261:9-265:84
	android:screenOrientation
		ADDED from HiFleet\AndroidManifest.xml:264:13-49
	android:launchMode
		ADDED from HiFleet\AndroidManifest.xml:263:13-44
	android:theme
		ADDED from HiFleet\AndroidManifest.xml:265:13-72
	android:name
		ADDED from HiFleet\AndroidManifest.xml:262:13-71
activity#com.hifleet.activity.GetWillArriveShipsActivity
ADDED from HiFleet\AndroidManifest.xml:266:9-270:84
	android:screenOrientation
		ADDED from HiFleet\AndroidManifest.xml:269:13-49
	android:launchMode
		ADDED from HiFleet\AndroidManifest.xml:268:13-44
	android:theme
		ADDED from HiFleet\AndroidManifest.xml:270:13-72
	android:name
		ADDED from HiFleet\AndroidManifest.xml:267:13-75
activity#com.hifleet.activity.LineShipsActivity
ADDED from HiFleet\AndroidManifest.xml:271:9-275:84
	android:screenOrientation
		ADDED from HiFleet\AndroidManifest.xml:274:13-49
	android:launchMode
		ADDED from HiFleet\AndroidManifest.xml:273:13-44
	android:theme
		ADDED from HiFleet\AndroidManifest.xml:275:13-72
	android:name
		ADDED from HiFleet\AndroidManifest.xml:272:13-66
activity#com.hifleet.activity.PortShipsActivity
ADDED from HiFleet\AndroidManifest.xml:276:9-280:84
	android:screenOrientation
		ADDED from HiFleet\AndroidManifest.xml:279:13-49
	android:launchMode
		ADDED from HiFleet\AndroidManifest.xml:278:13-44
	android:theme
		ADDED from HiFleet\AndroidManifest.xml:280:13-72
	android:name
		ADDED from HiFleet\AndroidManifest.xml:277:13-66
activity#com.hifleet.activity.TeamShipsAlertMessageActivity
ADDED from HiFleet\AndroidManifest.xml:281:9-285:84
	android:screenOrientation
		ADDED from HiFleet\AndroidManifest.xml:284:13-49
	android:launchMode
		ADDED from HiFleet\AndroidManifest.xml:283:13-44
	android:theme
		ADDED from HiFleet\AndroidManifest.xml:285:13-72
	android:name
		ADDED from HiFleet\AndroidManifest.xml:282:13-78
activity#com.hifleet.activity.AreaAlertMessageActivity
ADDED from HiFleet\AndroidManifest.xml:286:9-290:84
	android:screenOrientation
		ADDED from HiFleet\AndroidManifest.xml:289:13-49
	android:launchMode
		ADDED from HiFleet\AndroidManifest.xml:288:13-44
	android:theme
		ADDED from HiFleet\AndroidManifest.xml:290:13-72
	android:name
		ADDED from HiFleet\AndroidManifest.xml:287:13-73
activity#com.hifleet.activity.AreaAlertTypeActivity
ADDED from HiFleet\AndroidManifest.xml:291:9-295:84
	android:screenOrientation
		ADDED from HiFleet\AndroidManifest.xml:294:13-49
	android:launchMode
		ADDED from HiFleet\AndroidManifest.xml:293:13-44
	android:theme
		ADDED from HiFleet\AndroidManifest.xml:295:13-72
	android:name
		ADDED from HiFleet\AndroidManifest.xml:292:13-70
activity#com.hifleet.activity.GetAreaShipsActivity
ADDED from HiFleet\AndroidManifest.xml:296:9-300:84
	android:screenOrientation
		ADDED from HiFleet\AndroidManifest.xml:299:13-49
	android:launchMode
		ADDED from HiFleet\AndroidManifest.xml:298:13-44
	android:theme
		ADDED from HiFleet\AndroidManifest.xml:300:13-72
	android:name
		ADDED from HiFleet\AndroidManifest.xml:297:13-69
activity#com.hifleet.activity.ShipInfoActivity
ADDED from HiFleet\AndroidManifest.xml:301:9-305:84
	android:screenOrientation
		ADDED from HiFleet\AndroidManifest.xml:304:13-49
	android:launchMode
		ADDED from HiFleet\AndroidManifest.xml:303:13-44
	android:theme
		ADDED from HiFleet\AndroidManifest.xml:305:13-72
	android:name
		ADDED from HiFleet\AndroidManifest.xml:302:13-65
activity#com.hifleet.activity.SettingActivity
ADDED from HiFleet\AndroidManifest.xml:306:9-310:84
	android:screenOrientation
		ADDED from HiFleet\AndroidManifest.xml:309:13-49
	android:launchMode
		ADDED from HiFleet\AndroidManifest.xml:308:13-44
	android:theme
		ADDED from HiFleet\AndroidManifest.xml:310:13-72
	android:name
		ADDED from HiFleet\AndroidManifest.xml:307:13-64
activity#com.hifleet.activity.MyTeamActivity
ADDED from HiFleet\AndroidManifest.xml:311:9-315:84
	android:screenOrientation
		ADDED from HiFleet\AndroidManifest.xml:314:13-49
	android:launchMode
		ADDED from HiFleet\AndroidManifest.xml:313:13-44
	android:theme
		ADDED from HiFleet\AndroidManifest.xml:315:13-72
	android:name
		ADDED from HiFleet\AndroidManifest.xml:312:13-63
activity#com.hifleet.activity.WeatherActivity
ADDED from HiFleet\AndroidManifest.xml:316:9-320:84
	android:screenOrientation
		ADDED from HiFleet\AndroidManifest.xml:319:13-49
	android:launchMode
		ADDED from HiFleet\AndroidManifest.xml:318:13-44
	android:theme
		ADDED from HiFleet\AndroidManifest.xml:320:13-72
	android:name
		ADDED from HiFleet\AndroidManifest.xml:317:13-64
activity#com.hifleet.activity.MoreActivity
ADDED from HiFleet\AndroidManifest.xml:321:9-325:84
	android:screenOrientation
		ADDED from HiFleet\AndroidManifest.xml:324:13-49
	android:launchMode
		ADDED from HiFleet\AndroidManifest.xml:323:13-44
	android:theme
		ADDED from HiFleet\AndroidManifest.xml:325:13-72
	android:name
		ADDED from HiFleet\AndroidManifest.xml:322:13-61
activity#com.hifleet.activity.WeatherInformationActivity
ADDED from HiFleet\AndroidManifest.xml:326:9-330:84
	android:screenOrientation
		ADDED from HiFleet\AndroidManifest.xml:329:13-49
	android:launchMode
		ADDED from HiFleet\AndroidManifest.xml:328:13-44
	android:theme
		ADDED from HiFleet\AndroidManifest.xml:330:13-72
	android:name
		ADDED from HiFleet\AndroidManifest.xml:327:13-75
activity#com.hifleet.activity.ShowMyTeamActivity
ADDED from HiFleet\AndroidManifest.xml:331:9-335:84
	android:screenOrientation
		ADDED from HiFleet\AndroidManifest.xml:334:13-49
	android:launchMode
		ADDED from HiFleet\AndroidManifest.xml:333:13-44
	android:theme
		ADDED from HiFleet\AndroidManifest.xml:335:13-72
	android:name
		ADDED from HiFleet\AndroidManifest.xml:332:13-67
activity#com.hifleet.activity.ShowWanningActivity
ADDED from HiFleet\AndroidManifest.xml:336:9-340:84
	android:screenOrientation
		ADDED from HiFleet\AndroidManifest.xml:339:13-49
	android:launchMode
		ADDED from HiFleet\AndroidManifest.xml:338:13-44
	android:theme
		ADDED from HiFleet\AndroidManifest.xml:340:13-72
	android:name
		ADDED from HiFleet\AndroidManifest.xml:337:13-68
activity#com.hifleet.activity.MyTeamShipsActivity
ADDED from HiFleet\AndroidManifest.xml:341:9-345:84
	android:screenOrientation
		ADDED from HiFleet\AndroidManifest.xml:344:13-49
	android:launchMode
		ADDED from HiFleet\AndroidManifest.xml:343:13-44
	android:theme
		ADDED from HiFleet\AndroidManifest.xml:345:13-72
	android:name
		ADDED from HiFleet\AndroidManifest.xml:342:13-68
activity#com.hifleet.activity.ShipDetailsActivity
ADDED from HiFleet\AndroidManifest.xml:346:9-350:84
	android:screenOrientation
		ADDED from HiFleet\AndroidManifest.xml:349:13-49
	android:launchMode
		ADDED from HiFleet\AndroidManifest.xml:348:13-44
	android:theme
		ADDED from HiFleet\AndroidManifest.xml:350:13-72
	android:name
		ADDED from HiFleet\AndroidManifest.xml:347:13-68
activity#com.hifleet.activity.ShipSimpleDetailActivity
ADDED from HiFleet\AndroidManifest.xml:351:9-355:84
	android:screenOrientation
		ADDED from HiFleet\AndroidManifest.xml:354:13-49
	android:launchMode
		ADDED from HiFleet\AndroidManifest.xml:353:13-44
	android:theme
		ADDED from HiFleet\AndroidManifest.xml:355:13-72
	android:name
		ADDED from HiFleet\AndroidManifest.xml:352:13-73
activity#com.hifleet.activity.WeatherShuiwenActivity
ADDED from HiFleet\AndroidManifest.xml:356:9-360:84
	android:screenOrientation
		ADDED from HiFleet\AndroidManifest.xml:359:13-49
	android:launchMode
		ADDED from HiFleet\AndroidManifest.xml:358:13-44
	android:theme
		ADDED from HiFleet\AndroidManifest.xml:360:13-72
	android:name
		ADDED from HiFleet\AndroidManifest.xml:357:13-71
activity#com.hifleet.activity.ShipPSCcheckActivity
ADDED from HiFleet\AndroidManifest.xml:361:9-365:84
	android:screenOrientation
		ADDED from HiFleet\AndroidManifest.xml:364:13-49
	android:launchMode
		ADDED from HiFleet\AndroidManifest.xml:363:13-44
	android:theme
		ADDED from HiFleet\AndroidManifest.xml:365:13-72
	android:name
		ADDED from HiFleet\AndroidManifest.xml:362:13-69
activity#com.hifleet.activity.WeatherStationInfoActivity
ADDED from HiFleet\AndroidManifest.xml:366:9-370:84
	android:screenOrientation
		ADDED from HiFleet\AndroidManifest.xml:369:13-49
	android:launchMode
		ADDED from HiFleet\AndroidManifest.xml:368:13-44
	android:theme
		ADDED from HiFleet\AndroidManifest.xml:370:13-72
	android:name
		ADDED from HiFleet\AndroidManifest.xml:367:13-75
activity#com.hifleet.activity.ChooseShipActivity
ADDED from HiFleet\AndroidManifest.xml:371:9-375:84
	android:screenOrientation
		ADDED from HiFleet\AndroidManifest.xml:374:13-49
	android:launchMode
		ADDED from HiFleet\AndroidManifest.xml:373:13-44
	android:theme
		ADDED from HiFleet\AndroidManifest.xml:375:13-72
	android:name
		ADDED from HiFleet\AndroidManifest.xml:372:13-67
activity#com.hifleet.activity.IsLoginActivity
ADDED from HiFleet\AndroidManifest.xml:376:9-380:84
	android:screenOrientation
		ADDED from HiFleet\AndroidManifest.xml:379:13-49
	android:launchMode
		ADDED from HiFleet\AndroidManifest.xml:378:13-44
	android:theme
		ADDED from HiFleet\AndroidManifest.xml:380:13-72
	android:name
		ADDED from HiFleet\AndroidManifest.xml:377:13-64
activity#com.hifleet.activity.RegisterActivity
ADDED from HiFleet\AndroidManifest.xml:381:9-385:84
	android:screenOrientation
		ADDED from HiFleet\AndroidManifest.xml:384:13-49
	android:launchMode
		ADDED from HiFleet\AndroidManifest.xml:383:13-44
	android:theme
		ADDED from HiFleet\AndroidManifest.xml:385:13-72
	android:name
		ADDED from HiFleet\AndroidManifest.xml:382:13-65
activity#com.hifleet.activity.AboutUsActivity
ADDED from HiFleet\AndroidManifest.xml:386:9-390:78
	android:screenOrientation
		ADDED from HiFleet\AndroidManifest.xml:389:13-49
	android:launchMode
		ADDED from HiFleet\AndroidManifest.xml:388:13-44
	android:theme
		ADDED from HiFleet\AndroidManifest.xml:390:13-66